<?xml version="1.0" encoding="UTF-8"?>
<!-- Generated by org.testng.reporters.JUnitReportReporter -->
<testsuite hostname="DESKTOP-MG9B9KT" failures="0" tests="4" name="com.mindtree.runner.TestValues" time="22.937" errors="0" timestamp="22 Oct 2021 07:14:30 GMT" skipped="0">
  <testcase classname="com.mindtree.runner.TestValues" name="buyMug" time="5.758"/>
  <testcase classname="com.mindtree.runner.TestValues" name="searchPouch" time="8.457"/>
  <testcase classname="com.mindtree.runner.TestValues" name="searchBook" time="6.714"/>
  <testcase classname="com.mindtree.runner.TestValues" name="cart" time="2.008"/>
</testsuite> <!-- com.mindtree.runner.TestValues -->
