<?xml version="1.0" encoding="UTF-8"?>
<!-- Generated by org.testng.reporters.JUnitReportReporter -->
<testsuite hostname="DESKTOP-MG9B9KT" failures="0" tests="4" name="com.mindtree.runner.TestValues" time="20.573" errors="0" timestamp="2021-10-21T12:37:33 IST" skipped="0">
  <testcase classname="com.mindtree.runner.TestValues" name="buyMug" time="6.068"/>
  <system-out/>
  <testcase classname="com.mindtree.runner.TestValues" name="searchPouch" time="7.690"/>
  <system-out/>
  <testcase classname="com.mindtree.runner.TestValues" name="searchBook" time="4.611"/>
  <system-out/>
  <testcase classname="com.mindtree.runner.TestValues" name="cart" time="2.204"/>
  <system-out/>
</testsuite> <!-- com.mindtree.runner.TestValues -->
